Build 7.0.152 CL(966072) CODPCAB-V64 CEG Thu Sep 01 16:06:17 2011
logfile opened on Mon Sep 16 23:09:01 2024

Current language: english
Current search path:
C:\Steam\steamapps\common\Call of Duty Black Ops\mods\cod_zombies_modding\cod_zombies_modding.iwd (21 files)
C:\Steam\steamapps\common\Call of Duty Black Ops/mods/cod_zombies_modding
C:\Steam\steamapps\common\Call of Duty Black Ops/usermaps
C:\Steam\steamapps\common\Call of Duty Black Ops\main\iw_42.iwd (2 files)
C:\Steam\steamapps\common\Call of Duty Black Ops\main\iw_25.iwd (164 files)
C:\Steam\steamapps\common\Call of Duty Black Ops\main\iw_24.iwd (303 files)
C:\Steam\steamapps\common\Call of Duty Black Ops\main\iw_23.iwd (2431 files)
C:\Steam\steamapps\common\Call of Duty Black Ops\main\iw_22.iwd (52 files)
C:\Steam\steamapps\common\Call of Duty Black Ops\main\iw_21.iwd (49 files)
C:\Steam\steamapps\common\Call of Duty Black Ops\main\iw_20.iwd (60 files)
C:\Steam\steamapps\common\Call of Duty Black Ops\main\iw_19.iwd (74 files)
C:\Steam\steamapps\common\Call of Duty Black Ops\main\iw_18.iwd (50 files)
C:\Steam\steamapps\common\Call of Duty Black Ops\main\iw_17.iwd (175 files)
C:\Steam\steamapps\common\Call of Duty Black Ops\main\iw_16.iwd (347 files)
C:\Steam\steamapps\common\Call of Duty Black Ops\main\iw_15.iwd (486 files)
C:\Steam\steamapps\common\Call of Duty Black Ops\main\iw_14.iwd (297 files)
C:\Steam\steamapps\common\Call of Duty Black Ops\main\iw_13.iwd (669 files)
C:\Steam\steamapps\common\Call of Duty Black Ops\main\iw_12.iwd (735 files)
C:\Steam\steamapps\common\Call of Duty Black Ops\main\iw_11.iwd (1020 files)
C:\Steam\steamapps\common\Call of Duty Black Ops\main\iw_10.iwd (1572 files)
C:\Steam\steamapps\common\Call of Duty Black Ops\main\iw_09.iwd (1434 files)
C:\Steam\steamapps\common\Call of Duty Black Ops\main\iw_08.iwd (1390 files)
C:\Steam\steamapps\common\Call of Duty Black Ops\main\iw_07.iwd (533 files)
C:\Steam\steamapps\common\Call of Duty Black Ops\main\iw_06.iwd (880 files)
C:\Steam\steamapps\common\Call of Duty Black Ops\main\iw_05.iwd (1848 files)
C:\Steam\steamapps\common\Call of Duty Black Ops\main\iw_04.iwd (2222 files)
C:\Steam\steamapps\common\Call of Duty Black Ops\main\iw_03.iwd (600 files)
C:\Steam\steamapps\common\Call of Duty Black Ops\main\iw_02.iwd (517 files)
C:\Steam\steamapps\common\Call of Duty Black Ops\main\iw_01.iwd (988 files)
C:\Steam\steamapps\common\Call of Duty Black Ops\main\iw_00.iwd (1221 files)
C:\Steam\steamapps\common\Call of Duty Black Ops/main
C:\Steam\steamapps\common\Call of Duty Black Ops/main_shared
C:\Steam\steamapps\common\Call of Duty Black Ops/players
C:\Steam\steamapps\common\Call of Duty Black Ops\main\localized_English_iw14.iwd (437 files)
    localized assets iwd file for english
C:\Steam\steamapps\common\Call of Duty Black Ops\main\localized_English_iw13.iwd (2439 files)
    localized assets iwd file for english
C:\Steam\steamapps\common\Call of Duty Black Ops\main\localized_English_iw12.iwd (19 files)
    localized assets iwd file for english
C:\Steam\steamapps\common\Call of Duty Black Ops\main\localized_English_iw11.iwd (456 files)
    localized assets iwd file for english
C:\Steam\steamapps\common\Call of Duty Black Ops\main\localized_English_iw10.iwd (2168 files)
    localized assets iwd file for english
C:\Steam\steamapps\common\Call of Duty Black Ops\main\localized_English_iw09.iwd (1876 files)
    localized assets iwd file for english
C:\Steam\steamapps\common\Call of Duty Black Ops\main\localized_English_iw08.iwd (1841 files)
    localized assets iwd file for english
C:\Steam\steamapps\common\Call of Duty Black Ops\main\localized_English_iw07.iwd (1815 files)
    localized assets iwd file for english
C:\Steam\steamapps\common\Call of Duty Black Ops\main\localized_English_iw06.iwd (1366 files)
    localized assets iwd file for english
C:\Steam\steamapps\common\Call of Duty Black Ops\main\localized_English_iw05.iwd (1386 files)
    localized assets iwd file for english
C:\Steam\steamapps\common\Call of Duty Black Ops\main\localized_English_iw04.iwd (2511 files)
    localized assets iwd file for english
C:\Steam\steamapps\common\Call of Duty Black Ops\main\localized_English_iw03.iwd (2700 files)
    localized assets iwd file for english
C:\Steam\steamapps\common\Call of Duty Black Ops\main\localized_English_iw02.iwd (2111 files)
    localized assets iwd file for english
C:\Steam\steamapps\common\Call of Duty Black Ops\main\localized_English_iw01.iwd (3348 files)
    localized assets iwd file for english
C:\Steam\steamapps\common\Call of Duty Black Ops\main\localized_English_iw00.iwd (162 files)
    localized assets iwd file for english

File Handles:
handle 1: console.log
----------------------
44775 files in iwd files
Adding channel: error
Adding channel: gamenotify
Adding channel: boldgame
Adding channel: subtitle
Adding channel: obituary
Adding channel: logfile_only
Adding channel: console_only
Adding channel: gfx
Adding channel: sound
Adding channel: files
Adding channel: devgui
Adding channel: profile
Adding channel: ui
Adding channel: client
Adding channel: server
Adding channel: system
Adding channel: playerweap
Adding channel: ai
Adding channel: anim
Adding channel: physics
Adding channel: fx
Adding channel: leaderboards
Adding channel: live
Adding channel: parserscript
Adding channel: script
Adding channel: mpspawnsystem
Adding channel: coopinfo
Adding channel: serverdemo
Adding channel: ddl
Adding channel: network
Adding channel: scheduler
Adding channel: task
Adding channel: spu
No channels added or hidden
Adding channel: error
Adding channel: error
Hiding channel: scheduler
Hiding channel: task
Hiding channel: spu
No channels added or hidden
Adding channel: gamenotify
Adding channel: obituary
No channels added or hidden
Adding channel: boldgame
No channels added or hidden
Adding channel: subtitle
No channels added or hidden
Adding channel: coopinfo
execing default.cfg from fastfile
execing default_controls.cfg from fastfile
Unknown command "updatevehiclebindings"
execing coop_arcademode.cfg from fastfile
execing default_statversion_sp.cfg from fastfile
Adding channel: scheduler
Adding channel: task
Adding channel: spu
execing language.cfg from fastfile
execing mods/cod_zombies_modding/config.cfg from disk
      dvar set gpad_enabled 1
      dvar set input_viewSensitivity 1.8
Hiding channel: error
Hiding channel: gamenotify
Hiding channel: boldgame
Hiding channel: subtitle
Hiding channel: obituary
Hiding channel: logfile_only
Hiding channel: console_only
Hiding channel: gfx
Hiding channel: sound
Hiding channel: files
Hiding channel: devgui
Hiding channel: profile
Hiding channel: ui
Hiding channel: client
Hiding channel: server
Hiding channel: system
Hiding channel: playerweap
Hiding channel: ai
Hiding channel: anim
Hiding channel: physics
Hiding channel: fx
Hiding channel: leaderboards
Hiding channel: live
Hiding channel: parserscript
Hiding channel: script
Hiding channel: mpspawnsystem
Hiding channel: coopinfo
Hiding channel: serverdemo
Hiding channel: ddl
Hiding channel: network
Hiding channel: scheduler
Hiding channel: task
Hiding channel: spu
No channels added or hidden
Adding channel: error
Adding channel: gamenotify
Adding channel: boldgame
Adding channel: subtitle
Adding channel: obituary
Adding channel: logfile_only
Adding channel: console_only
Adding channel: gfx
Adding channel: sound
Adding channel: files
Adding channel: devgui
Adding channel: profile
Adding channel: ui
Adding channel: client
Adding channel: server
Adding channel: system
Adding channel: playerweap
Adding channel: ai
Adding channel: anim
Adding channel: physics
Adding channel: fx
Adding channel: leaderboards
Adding channel: live
Adding channel: parserscript
Adding channel: script
Adding channel: mpspawnsystem
Adding channel: coopinfo
Adding channel: serverdemo
Adding channel: ddl
Adding channel: network
Adding channel: scheduler
Adding channel: task
Adding channel: spu
Unknown command "updategamerprofile"
Unknown command "updategamerprofile"
Unknown command "updategamerprofile"
Exec From Disk failed to open autoexec_dev.cfg
Error: couldn't exec autoexec_dev.cfg
64-bit OS detected
      dvar set version Call of Duty Singleplayer - Ship COD_T5_S SP build 7.0.152 CL(966072) CODPCAB-V64 CEG Thu Sep 01 16:06:17 2011 win-x86
Game_Mod - Production - Thu Apr 26 19:58:10 2018
CPU vendor is "GenuineIntel"
CPU name is "Intel(R) Core(TM) i7-8565U CPU @ 1.80GHz"
8 logical CPUs reported
8 physical CPUs detected
Measured CPU speed is 0.01 GHz
Total CPU performance is estimated as 0.09 GHz
System memory is 1024 MB (capped at 1 GB)
Video card is "NVIDIA GeForce MX250"
Streaming SIMD Extensions (SSE) supported

Winsock Initialized
----- Initializing Renderer ----
execing ragdoll.cfg from fastfile
Cmd_AddCommand: scrProfileInfo already defined
----- Client Initialization -----
----- Client Initialization Complete -----
Trying SMP acceleration...
Detected 8 cpus, using 2 worker threads.
...succeeded.
----- R_Init -----
Getting Direct3D 9 interface...
Pixel shader version is 3.0
Vertex shader version is 3.0
Attempting 1024 x 768 fullscreen with 32 bpp at 60 hz
Game window successfully created.
Using 4x anti-aliasing
Creating Direct3D device...
Com_TouchMemory: 0 msec. Using sum: 0
Adding fastfile 'en_code_post_gfx' to queue
Adding fastfile 'code_post_gfx' to queue
Loading fastfile 'en_code_post_gfx'
used 0.37 MB memory in DB alloc
Loading fastfile 'code_post_gfx'
used 5.77 MB memory in DB alloc
Redundant asset: 'techset','2d'
Adding fastfile 'en_patch' to queue
Adding fastfile 'patch' to queue
Adding fastfile 'frontend_patch' to queue
Adding fastfile 'mod' to queue
Using 1 GPU(s).
Initializing render targets...
Loading fastfile 'en_patch'
used 0.02 MB memory in DB alloc
Requested frame buffer to be 24-bit color with 8-bit alpha
DirectX returned a frame buffer that is 24-bit color with 8-bit alpha
INTZ format supported
Initializing static model cache...
Initializing dynamic buffers...
Initializing particle cloud buffer...
Creating Direct3D queries...
Setting initial state...
Loading fastfile 'patch'
used 3.96 MB memory in DB alloc
Video memory for device: 128 MB.
Rounded video memory size: 128 MB.
DirectX reports 128 MB of video memory and 4010 MB of available texture memory.
Using video memory size to cap used texture memory at 112 MB.
Texture detail is set automatically.
Using picmip 1 on most textures, 1 on normal maps, and 1 on specular maps
Error: Could not load image "$pixelcostcolorcode".
Error: Could not load material "$floatz_donotremove".
Error: Could not load material "$processed_floatz_donotremove".
Error: Could not load material "$ps3_aadownsample_donotremove".
Error: Could not load material "particle_blend_donotremove".
Error: Could not load material "particle_zdownsample_donotremove".
Error: Could not load material "postfx_lut_0".
Error: Could not load material "postfx_lut_1".
Error: Could not load material "postfx_lut_2".
Error: Could not load material "postfx_lut_3".
Error: Could not load material "postfx_lut_4".
Error: Could not load material "postfx_lut_5".
Error: Could not load material "postfx_lut_6".
Error: Could not load material "postfx_lut_7".
Error: Could not load material "postfx_lut_8".
Error: Could not load material "postfx_lut_9".
Error: Could not load material "create_lut2d".
Error: Could not load material "apply_lut2d".
Error: Could not load material "$ps3_reload_zcull_donotremove".
Error: Could not load material "water_dynamic_spray".
Loading fastfile 'frontend_patch'
used 2.31 MB memory in DB alloc
Loading fastfile 'mod'
used 0.00 MB memory in DB alloc
      dvar set sd_xa2_num_devices 1
--- Initializing Voice ---
      dvar set tu_onlyhostqos 0
Hostname: LAPTOP-F97P0NQ8
Binding to 172.21.6.101:3074
--------------
GamerProfile_ResetSPDvars():
 "mis_01" = "0".
 "mis_difficulty" = "0000000000000000000000000".
 "takeCoverWarnings" = "0".
 "r_gamma" = "1".
 "snd_menu_voice" = "0.240149".
 "snd_menu_music" = "1".
 "snd_menu_sfx" = "1".
 "snd_menu_master" = "0.0886339".
 "snd_menu_cinematic" = "1".
      dvar set player_damageMultiplier 0.363636
--------------
GamerProfile_UpdateProfileFromDvars(0):
 "mis_01" = "0".
 "mis_difficulty" = "0000000000000000000000000".
 "takeCoverWarnings" = "0".
 "r_gamma" = "1".
 "snd_menu_voice" = "0.240149".
 "snd_menu_music" = "1".
 "snd_menu_sfx" = "1".
 "snd_menu_master" = "0.0886339".
 "snd_menu_cinematic" = "1".
Updating profile 0 from dvars.

execing buttons_default.cfg from fastfile
execing otherkeysdefaults.cfg from fastfile
execing thumbstick_default.cfg from fastfile
Unknown command "updatevehiclebindings"
end $init 5160 ms
--- Common Initialization Complete ---
=============================== DVAR DUMP ========================================

0 total dvars
2326 dvar indexes
=============================== END DVAR DUMP =====================================
      dvar set zombieStopSplitScreen 1
      dvar set zombiemode 1
      dvar set sv_cheats 1
Timestamp: SV_SpawnServer 1726542545
g_gametype cmp is not a valid gametype, defaulting to cmp
Redundant asset: 'localize','MENU_TESTINGBANDWIDTH'
Redundant asset: 'localize','MENU_DOWNLOADING_GAME_SETTINGS_CAPS'
Redundant asset: 'localize','MENU_CONNECTING_TO_DW'
Redundant asset: 'localize','MENU_ZOMBIE_COSMODROME_CAPS'
Redundant asset: 'localize','MENU_ZOMBIE_COSMODROME_DESC'
Redundant asset: 'localize','MPUI_DISCOVERY'
Redundant asset: 'localize','MPUI_GAMEMODE_CAPS'
Redundant asset: 'localize','MPUI_EDIT_EMAIL'
Redundant asset: 'localize','MPUI_EMAIL_ACCEPTED'
Redundant asset: 'localize','MPUI_EMAIL_REJECTED_TITLE'
Redundant asset: 'localize','MPUI_HOTEL'
Redundant asset: 'localize','MPUI_HOTEL_CAPS'
Redundant asset: 'localize','MPUI_PRESTIGE_LB_PURCHASE_CONF'
Redundant asset: 'localize','MPUI_DISCOVERY_CAPS'
Redundant asset: 'localize','PLATFORM_STEAM_AUTH_DENIED'
Redundant asset: 'localize','PLATFORM_MISSINGMAP'
Redundant asset: 'localize','EXE_SV_INFO_SCORE'
Redundant asset: 'localize','EXE_SV_INFO_PING'
Redundant asset: 'localize','EXE_SV_INFO_NAME'
Redundant asset: 'ddl','ddl/stats_archive.ddl'
Redundant asset: 'rawfile','video/cin_levels.txt'
Redundant asset: 'techset','2d'
Redundant asset: 'image','ui_arrow_left'
Redundant asset: 'material','ui_arrow_left'
Redundant asset: 'image','ui_arrow_right'
Redundant asset: 'material','ui_arrow_right'
Redundant asset: 'image','menu_mp_lobby_frame_circle'
Redundant asset: 'material','menu_mp_lobby_frame_circle'
Redundant asset: 'image','$white'
Redundant asset: 'material','white'
Redundant asset: 'image','menu_sp_lobby_frame_outer_ingame'
Redundant asset: 'material','menu_sp_lobby_frame_outer_ingame'
Redundant asset: 'image','menu_sp_lobby_frame_inner_ingame'
Redundant asset: 'material','menu_sp_lobby_frame_inner_ingame'
Redundant asset: 'image','menu_mp_lobby_frame_outer_ingame'
Redundant asset: 'material','menu_mp_lobby_frame_outer_ingame'
Redundant asset: 'image','menu_mp_lobby_frame_inner_ingame'
Redundant asset: 'material','menu_mp_lobby_frame_inner_ingame'
Redundant asset: 'image','menu_mp_lobby_frame_outer'
Redundant asset: 'material','menu_mp_lobby_frame_outer'
Redundant asset: 'image','menu_mp_lobby_frame_inner'
Redundant asset: 'material','menu_mp_lobby_frame_inner'
Redundant asset: 'image','menu_mp_tab_frame_inner'
Redundant asset: 'material','menu_mp_tab_frame_inner'
Redundant asset: 'menu','options_graphics'
Redundant asset: 'menu','options_graphics_texture'
Redundant asset: 'image','menu_button_backing'
Redundant asset: 'material','menu_button_backing'
Redundant asset: 'image','white_line_faded_big'
Redundant asset: 'material','menu_white_line_faded_big'
Redundant asset: 'menu','apply_picmip_popmenu'
Redundant asset: 'menu','options_shoot'
Redundant asset: 'image','redact'
Redundant asset: 'material','redact1'
Redundant asset: 'image','redact2'
Redundant asset: 'material','redact2'
Redundant asset: 'image','redact3'
Redundant asset: 'material','redact3'
Redundant asset: 'techset','cinematic'
Redundant asset: 'menu','fullscreen_error'
Redundant asset: 'menu','error_popmenu'
Redundant asset: 'menu','error_wagerfail'
Redundant asset: 'menu','autojoinfriend_popmenu'
Redundant asset: 'menu','consolestatsalert_popmenu'
Redundant asset: 'menu','popup_connectingtodw'
Redundant asset: 'menu','popup_connectingtodwhandler'
Redundant asset: 'menu','popup_inliveconnectingtodw'
Redundant asset: 'menu','popup_gettingdata'
Redundant asset: 'menu','popup_downloadingfile'
Redundant asset: 'menu','popup_downloadinginfo'
Redundant asset: 'menu','popup_downloadingcompressedstats'
Redundant asset: 'menu','popup_fetchstats'
Redundant asset: 'menu','popup_uploadingfile'
Redundant asset: 'menu','popup_gettingplayercardinfo'
Redundant asset: 'menu','popup_getlclaninfofromxuid'
Redundant asset: 'menu','popup_gettingoffers'
Redundant asset: 'menu','popup_connectingtolobby'
Redundant asset: 'menu','popup_connecting_dw'
Redundant asset: 'menu','popup_creating_account'
Redundant asset: 'menu','popup_deleting_account'
Redundant asset: 'menu','popup_error_deleting_account'
Redundant asset: 'menu','popup_error_creating_account'
Redundant asset: 'menu','popup_account_not_available'
Redundant asset: 'menu','popup_reconnectingtoparty'
Redundant asset: 'menu','popup_error_contentserver_down'
Redundant asset: 'menu','stats_notfound_error_popup'
Redundant asset: 'menu','error_dw_fetch_file'
Redundant asset: 'menu','save_corrupted'
Redundant asset: 'menu','error_popmenu_party'
Redundant asset: 'menu','error_popmenu_lobby'
Redundant asset: 'menu','error_popmenu_keyboard'
Redundant asset: 'menu','startmatch_popup'
Redundant asset: 'menu','acceptinvite_warning'
Redundant asset: 'menu','menu_toast_popup'
Redundant asset: 'material','cinematic'
Redundant asset: 'menu','pregame_loaderror'
Redundant asset: 'menu','pregame_loaderror_mp'
Redundant asset: 'image','hud_dpad_blood'
Redundant asset: 'material','hud_dpad_blood'
Redundant asset: 'image','hud_dpad_lines_fade'
Redundant asset: 'material','hud_dpad_lines_fade'
Redundant asset: 'image','hud_dpad_lines'
Redundant asset: 'material','hud_dpad_lines'
Redundant asset: 'image','hud_us_grenade'
Redundant asset: 'material','hud_us_grenade'
Redundant asset: 'image','hud_us_smokegrenade'
Redundant asset: 'material','hud_us_smokegrenade'
Redundant asset: 'menu','weaponinfo_zombie'
Redundant asset: 'image','hud_faction_back_light'
Redundant asset: 'material','hud_faction_back_light'
Redundant asset: 'image','hud_dpad_outer_frame'
Redundant asset: 'material','hud_dpad_outer_frame'
Redundant asset: 'image','hud_dpad_outer_frame_rim'
Redundant asset: 'material','hud_dpad_outer_frame_rim'
Redundant asset: 'image','hud_dpad_xenon'
Redundant asset: 'material','hud_dpad_xenon'
Redundant asset: 'image','hud_dpad_overlay_x'
Redundant asset: 'material','hud_dpad_overlay_x'
Redundant asset: 'image','hud_dpad_overlay_circle'
Redundant asset: 'material','hud_dpad_overlay_circle'
Redundant asset: 'image','hud_frame_arrow_right'
Redundant asset: 'material','hud_frame_arrow_right'
Redundant asset: 'menu','dpad_zombie'
Redundant asset: 'menu','competitivemodescores'
Redundant asset: 'menu','zombietronscores'
Redundant asset: 'stringtable','maps/mapstable.csv'
Redundant asset: 'stringtable','mp/reportuser.csv'
Redundant asset: 'image','sw4'
Redundant asset: 'techset','cinematic'
Redundant asset: 'menu','main'
Redundant asset: 'image','menu_background_press_start'
Redundant asset: 'material','menu_background_press_start'
Redundant asset: 'image','logo_cod5'
Redundant asset: 'material','logo_cod2'
Redundant asset: 'image','bg_fogscrollthin'
Redundant asset: 'material','animbg_fogscrollthin'
Redundant asset: 'menu','main_lockout'
Redundant asset: 'image','menu_background_press_start_sm'
Redundant asset: 'material','menu_background_press_start_sm'
Redundant asset: 'image','$white'
Redundant asset: 'material','white'
Redundant asset: 'menu','main_text'
Redundant asset: 'menu','main_setup'
Redundant asset: 'image','menu_tv_noise'
Redundant asset: 'material','menu_tv_noise'
Redundant asset: 'menu','blackout_3d_tv'
Redundant asset: 'menu','main_sp'
Redundant asset: 'image','menu_mp_lobby_frame_circle'
Redundant asset: 'material','menu_mp_lobby_frame_circle'
Redundant asset: 'image','menu_sp_lobby_frame_outer_ingame'
Redundant asset: 'material','menu_sp_lobby_frame_outer_ingame'
Redundant asset: 'image','redact'
Redundant asset: 'material','redact1'
Redundant asset: 'image','redact2'
Redundant asset: 'material','redact2'
Redundant asset: 'image','redact3'
Redundant asset: 'material','redact3'
Redundant asset: 'menu','levels'
Redundant asset: 'image','menu_zombie_lobby_frame_outer_ingame'
Redundant asset: 'material','menu_zombie_lobby_frame_outer_ingame'
Redundant asset: 'image','menu_mp_tab_frame_inner'
Redundant asset: 'material','menu_mp_tab_frame_inner'
Redundant asset: 'menu','levels_zombie'
Redundant asset: 'menu','levels_unlock'
Redundant asset: 'menu','connect'
Redundant asset: 'material','cinematic'
Redundant asset: 'menu','pregame'
Redundant asset: 'image','menu_sp_lobby_frame_inner_ingame'
Redundant asset: 'material','menu_sp_lobby_frame_inner_ingame'
Redundant asset: 'image','menu_mp_lobby_frame_outer_ingame'
Redundant asset: 'material','menu_mp_lobby_frame_outer_ingame'
Redundant asset: 'image','menu_mp_lobby_frame_inner_ingame'
Redundant asset: 'material','menu_mp_lobby_frame_inner_ingame'
Redundant asset: 'image','menu_mp_lobby_frame_outer'
Redundant asset: 'material','menu_mp_lobby_frame_outer'
Redundant asset: 'image','menu_mp_lobby_frame_inner'
Redundant asset: 'material','menu_mp_lobby_frame_inner'
Redundant asset: 'menu','options_new_pc'
Redundant asset: 'menu','options_controls_new_pc'
Redundant asset: 'menu','options_look'
Redundant asset: 'menu','options_move'
Redundant asset: 'menu','options_misc'
Redundant asset: 'image','xenon_controller_top'
Redundant asset: 'material','xenon_controller_top'
Redundant asset: 'image','xenon_stick_move'
Redundant asset: 'material','xenon_stick_move'
Redundant asset: 'image','xenon_stick_turn'
Redundant asset: 'material','xenon_stick_turn'
Redundant asset: 'image','xenon_stick_move_turn'
Redundant asset: 'material','xenon_stick_move_turn'
Redundant asset: 'image','xenon_stick_move_look'
Redundant asset: 'material','xenon_stick_move_look'
Redundant asset: 'menu','options_gamepad'
Redundant asset: 'menu','options_graphics'
Redundant asset: 'menu','options_graphics_texture'
Redundant asset: 'image','menu_button_backing'
Redundant asset: 'material','menu_button_backing'
Redundant asset: 'image','white_line_faded_big'
Redundant asset: 'material','menu_white_line_faded_big'
Redundant asset: 'menu','apply_picmip_popmenu'
Redundant asset: 'menu','options_game'
Redundant asset: 'menu','mature_content_pc_disable_warning'
Redundant asset: 'menu','options_sound'
Redundant asset: 'menu','options_coop'
Redundant asset: 'menu','options_control_defaults'
Redundant asset: 'menu','reset_controls_popmenu'
Redundant asset: 'menu','options_graphics_defaults'
Redundant asset: 'menu','reset_graphics_popmenu'
Redundant asset: 'menu','options_multi'
Redundant asset: 'menu','options_voice'
Redundant asset: 'menu','vid_restart_popmenu'
Redundant asset: 'menu','vid_restart_popmenu_listen'
Redundant asset: 'menu','vid_restart_popmenu_dead'
Redundant asset: 'menu','snd_restart_popmenu'
Redundant asset: 'menu','menu_lb_filter'
Redundant asset: 'menu','menu_xboxlive'
Redundant asset: 'menu','menu_xboxlive_lobby'
Redundant asset: 'menu','lobby_leaderboard'
Redundant asset: 'menu','settings'
Redundant asset: 'menu','popup_preferences_both'
Redundant asset: 'menu','popup_preferences_privacy'
Redundant asset: 'image','menu_button_backing_highlight'
Redundant asset: 'material','menu_button_backing_highlight'
Redundant asset: 'stringtable','maps/mapstable.csv'
Redundant asset: 'rawfile','coopmaps.arena'
Redundant asset: 'rawfile','mod'
      dvar set com_maxclients 1
[00005383] 0: CA_DISCONNECTED
      dvar set mapname zombie_theater
CHALLENGERESPONSE: Sending bdOnlineUserID 0 to server
CHALLENGERESPONSE: Sending nonce 2444769806, challengeNum 1262017047 to server
CHALLENGERESPONSE: Sending bdOnlineUserID 0 to server
CHALLENGERESPONSE: Sending nonce 2444769806, challengeNum 1262017047 to server
Huffman Took 2 Milliseconds
------ Server Initialization ------
Server: zombie_theater
      dvar set sv_running 1
----- R_Init -----
Video memory for device: 128 MB.
Rounded video memory size: 128 MB.
DirectX reports 128 MB of video memory and 4010 MB of available texture memory.
Using video memory size to cap used texture memory at 112 MB.
Texture detail is set automatically.
Using picmip 1 on most textures, 1 on normal maps, and 1 on specular maps
Error: Could not load material "menu_mp_lobby_scrollbar_main".
Error: Could not load material "menu_mp_lobby_scrollbar_block".
Error: Could not load material "playlist_sp_recr".
Error: Could not load material "playlist_sp_reg".
Error: Could not load material "playlist_sp_hard".
Error: Could not load material "playlist_sp_vet".
FS_GetModList: failed to open 'mod.json' or 'description.txt' for mod 'apartment'
FS_GetModList: failed to open 'mod.json' or 'description.txt' for mod 'Büros Der Toten'
FS_GetModList: failed to open 'mod.json' or 'description.txt' for mod 'cod_zombies_modding'
FS_GetModList: failed to open 'mod.json' or 'description.txt' for mod 'cod_zombies_modding_backup'
FS_GetModList: failed to open 'mod.json' or 'description.txt' for mod 'common_zombie_patch_tut'
FS_GetModList: failed to open 'mod.json' or 'description.txt' for mod 'LongerGasMod'
FS_GetModList: failed to open 'mod.json' or 'description.txt' for mod 'mp_HnS'
FS_GetModList: failed to open 'mod.json' or 'description.txt' for mod 'mp_Juggernaut'
FS_GetModList: failed to open 'mod.json' or 'description.txt' for mod 'usermaps'
Customized arena file not found: mod.arena
      dvar set ui_netGametypeName zom
Save Message First Frame Shown: 5478
BinkOpen failed on C:\Steam\steamapps\common\Call of Duty Black Ops\mods/cod_zombies_modding\video\zombie_theater_load.bik because: Error opening file.
Adding fastfile 'common_zombie_patch' to queue
Adding fastfile 'en_common_zombie' to queue
Adding fastfile 'common_zombie' to queue
Adding fastfile 'common_zombie_patch_override_patch' to queue
Adding fastfile 'en_common_zombie_patch_override' to queue
Adding fastfile 'common_zombie_patch_override' to queue
Loading fastfile 'common_zombie_patch'
used 1.06 MB memory in DB alloc
Loading fastfile 'en_common_zombie'
used 0.11 MB memory in DB alloc
Loading fastfile 'common_zombie'
used 77.02 MB memory in DB alloc
WARNING: Could not find zone 'C:\Steam\steamapps\common\Call of Duty Black Ops\zone\english\common_zombie_patch_override_patch.ff'
WARNING: Could not find zone 'C:\Steam\steamapps\common\Call of Duty Black Ops\zone\english\en_common_zombie_patch_override.ff'
WARNING: Could not find zone 'C:\Steam\steamapps\common\Call of Duty Black Ops\zone\english\common_zombie_patch_override.ff'
Redundant asset: 'rawfile','animtrees/generic_human.atr'
Redundant asset: 'rawfile','clientscripts/_audio.csc'
Redundant asset: 'rawfile','clientscripts/_callbacks.csc'
Redundant asset: 'rawfile','clientscripts/_fx.csc'
Redundant asset: 'rawfile','clientscripts/_filter.csc'
Redundant asset: 'rawfile','clientscripts/_load.csc'
Redundant asset: 'rawfile','clientscripts/_utility.csc'
Redundant asset: 'rawfile','clientscripts/_footsteps.csc'
Redundant asset: 'rawfile','clientscripts/_clientfaceanim.csc'
Redundant asset: 'rawfile','clientscripts/_face_utility.csc'
Redundant asset: 'rawfile','maps/_ballistic_knife.gsc'
Redundant asset: 'rawfile','maps/_callbackglobal.gsc'
Redundant asset: 'rawfile','maps/_gameskill.gsc'
Redundant asset: 'rawfile','maps/_hud_message.gsc'
Redundant asset: 'rawfile','maps/_laststand.gsc'
Redundant asset: 'rawfile','maps/_loadout.gsc'
Redundant asset: 'rawfile','maps/_utility.gsc'
Redundant asset: 'rawfile','maps/_weapons.gsc'
Redundant asset: 'rawfile','maps/_weaponobjects.gsc'
Redundant asset: 'xanim','pf_melee'
Redundant asset: 'xanim','pf_firing'
Redundant asset: 'stringtable','weaponoptions.csv'
Redundant asset: 'rawfile','radiant/keys.txt'
Redundant asset: 'localize','ZOMBIE_LANDER_HAS_ARRIVED'
Redundant asset: 'localize','ZOMBIE_LANDER_LAUNCH_IN'
Redundant asset: 'localize','ZOMBIE_CALLING_LANDER'
Redundant asset: 'localize','ZOMBIE_CHAINSAW_PICKUP'
Redundant asset: 'localize','ZOMBIE_SOLO_LIFE_LOST'
Redundant asset: 'localize','ZOMBIE_EXTRA_LIFE'
Redundant asset: 'localize','ZOMBIE_PARIS_TRANSPORTER_ACTIVATED'
Redundant asset: 'localize','ZOMBIE_PARIS_TRANSPORTER_WAITING'
Redundant asset: 'localize','ZOMBIE_ZIPLINE_DEACTIVATED'
Redundant asset: 'localize','ZOMBIE_RANDOM_WEAPON_950'
Redundant asset: 'localize','ZOMBIE_WEAPONCOSTAMMO'
Redundant asset: 'localize','ZOMBIE_WEAPONCOSTAMMO_UPGRADE'
Redundant asset: 'localize','ZOMBIE_ROUND_BEGIN'
Redundant asset: 'localize','ZOMBIE_ROUND_END'
Redundant asset: 'localize','ZOMBIE_ROUND'
Redundant asset: 'localize','ZOMBIE_UNDEFINED'
Redundant asset: 'localize','ZOMBIE_BUTTON_BUY_BACK_BARRIER_10'
Redundant asset: 'localize','ZOMBIE_BUTTON_BUY_BACK_BARRIER_20'
Redundant asset: 'localize','ZOMBIE_BUTTON_BUY_BACK_BARRIER_50'
Redundant asset: 'localize','ZOMBIE_BUTTON_BUY_BACK_BARRIER_100'
Redundant asset: 'localize','ZOMBIE_BUTTON_BUY_CLEAR_DEBRIS_100'
Redundant asset: 'localize','ZOMBIE_BUTTON_BUY_CLEAR_DEBRIS_200'
Redundant asset: 'localize','ZOMBIE_BUTTON_BUY_CLEAR_DEBRIS_250'
Redundant asset: 'localize','ZOMBIE_BUTTON_BUY_CLEAR_DEBRIS_500'
Redundant asset: 'localize','ZOMBIE_BUTTON_BUY_CLEAR_DEBRIS_750'
Redundant asset: 'localize','ZOMBIE_BUTTON_BUY_CLEAR_DEBRIS_1000'
Redundant asset: 'localize','ZOMBIE_BUTTON_BUY_CLEAR_DEBRIS_1250'
Redundant asset: 'localize','ZOMBIE_BUTTON_BUY_CLEAR_DEBRIS_1500'
Redundant asset: 'localize','ZOMBIE_BUTTON_BUY_CLEAR_DEBRIS_1750'
Redundant asset: 'localize','ZOMBIE_BUTTON_BUY_CLEAR_DEBRIS_2000'
Redundant asset: 'localize','ZOMBIE_BUTTON_BUY_OPEN_DOOR_100'
Redundant asset: 'localize','ZOMBIE_BUTTON_BUY_OPEN_DOOR_200'
Redundant asset: 'localize','ZOMBIE_BUTTON_BUY_OPEN_DOOR_250'
Redundant asset: 'localize','ZOMBIE_BUTTON_BUY_OPEN_DOOR_500'
Redundant asset: 'localize','ZOMBIE_BUTTON_BUY_OPEN_DOOR_750'
Redundant asset: 'localize','ZOMBIE_BUTTON_BUY_OPEN_DOOR_1000'
Redundant asset: 'localize','ZOMBIE_BUTTON_BUY_OPEN_DOOR_1250'
Redundant asset: 'localize','ZOMBIE_BUTTON_BUY_OPEN_DOOR_1500'
Redundant asset: 'localize','ZOMBIE_BUTTON_BUY_OPEN_DOOR_1750'
Redundant asset: 'localize','ZOMBIE_BUTTON_BUY_OPEN_DOOR_2500'
Redundant asset: 'localize','ZOMBIE_BUTTON_BUY_OPEN_DOOR_2000'
Redundant asset: 'localize','ZOMBIE_BUTTON_BUY_OPEN_AREA_100'
Redundant asset: 'localize','ZOMBIE_BUTTON_BUY_OPEN_AREA_200'
Redundant asset: 'localize','ZOMBIE_BUTTON_BUY_OPEN_AREA_250'
Redundant asset: 'localize','ZOMBIE_BUTTON_BUY_OPEN_AREA_500'
Redundant asset: 'localize','ZOMBIE_BUTTON_BUY_OPEN_AREA_750'
Redundant asset: 'localize','ZOMBIE_BUTTON_BUY_OPEN_AREA_1000'
Redundant asset: 'localize','ZOMBIE_BUTTON_BUY_OPEN_AREA_1250'
Redundant asset: 'localize','ZOMBIE_BUTTON_BUY_OPEN_AREA_1500'
Redundant asset: 'localize','ZOMBIE_BUTTON_BUY_OPEN_AREA_1750'
Redundant asset: 'localize','ZOMBIE_BUTTON_BUY_OPEN_AREA_2000'
Redundant asset: 'localize','ZOMBIE_CABINET_OPEN_500'
Redundant asset: 'localize','ZOMBIE_CABINET_OPEN_1000'
Redundant asset: 'localize','ZOMBIE_CABINET_OPEN_1500'
Redundant asset: 'localize','ZOMBIE_CABINET_OPEN_2000'
Redundant asset: 'localize','ZOMBIE_WEAPON_AK47'
Redundant asset: 'localize','ZOMBIE_WEAPON_BOWIE_BUY'
Redundant asset: 'localize','ZOMBIE_PLAYERZOMBIE_DOWNED'
Redundant asset: 'localize','ZOMBIE_PERK_QUICKREVIVE'
Redundant asset: 'localize','ZOMBIE_PERK_QUICKREVIVE_SOLO'
Redundant asset: 'localize','ZOMBIE_PERK_FASTRELOAD'
Redundant asset: 'localize','ZOMBIE_PERK_DOUBLETAP'
Redundant asset: 'localize','ZOMBIE_PERK_JUGGERNAUT'
Redundant asset: 'localize','ZOMBIE_PERK_PACKAPUNCH'
Redundant asset: 'localize','ZOMBIE_POWERUP_INSTA_KILL'
Redundant asset: 'localize','ZOMBIE_POWERUP_NUKE'
Redundant asset: 'localize','ZOMBIE_POWERUP_DOUBLE_POINTS'
Redundant asset: 'localize','ZOMBIE_POWERUP_MINIGUN'
Redundant asset: 'localize','ZOMBIE_POWERUP_MAX_AMMO'
Redundant asset: 'localize','ZOMBIE_BUTTON_REWARD_BARRIER_10'
Redundant asset: 'localize','ZOMBIE_BUTTON_REWARD_BARRIER_20'
Redundant asset: 'localize','ZOMBIE_BUTTON_REWARD_BARRIER_30'
Redundant asset: 'localize','ZOMBIE_BUTTON_REWARD_BARRIER_40'
Redundant asset: 'localize','ZOMBIE_GAME_OVER'
Redundant asset: 'localize','ZOMBIE_BUTTON_REWARD_BARRIER_50'
Redundant asset: 'localize','ZOMBIE_SURVIVED_ROUNDS'
Redundant asset: 'localize','ZOMBIE_SURVIVED_ROUND'
Redundant asset: 'localize','ZOMBIE_RANDOM_WEAPON_850'
Redundant asset: 'localize','ZOMBIE_RANDOM_WEAPON_750'
Redundant asset: 'localize','ZOMBIE_RANDOM_WEAPON_650'
Redundant asset: 'localize','ZOMBIE_BUTTON_REWARD_BARRIER'
Redundant asset: 'localize','ZOMBIE_NEED_POWER'
Redundant asset: 'localize','ZOMBIE_BUTTON_SOUTH_FLAMES'
Redundant asset: 'localize','ZOMBIE_BUTTON_BUY_OPEN_AREA_2500'
Redundant asset: 'localize','ZOMBIE_BUTTON_BUY_TRAP'
Redundant asset: 'localize','ZOMBIE_BETTY_PURCHASE'
Redundant asset: 'localize','ZOMBIE_BETTY_ALREADY_PURCHASED'
Redundant asset: 'localize','ZOMBIE_BETTY_HOWTO'
Redundant asset: 'localize','ZOMBIE_CLAYMORE_PURCHASE'
Redundant asset: 'localize','ZOMBIE_CLAYMORE_ALREADY_PURCHASED'
Redundant asset: 'localize','ZOMBIE_CLAYMORE_HOWTO'
Redundant asset: 'localize','ZOMBIE_USE_AUTO_TURRET'
Redundant asset: 'localize','ZOMBIE_ELECTRIC_SWITCH'
Redundant asset: 'localize','ZOMBIE_WEAPON_TESLA'
Redundant asset: 'localize','ZOMBIE_WEAPON_STICKY'
Redundant asset: 'localize','ZOMBIE_CLEAR_DEBRIS'
Redundant asset: 'localize','ZOMBIE_TRADE_WEAPONS'
Redundant asset: 'localize','ZOMBIE_ZIPLINE_USE'
Redundant asset: 'localize','ZOMBIE_ZIPLINE_ACTIVATE'
Redundant asset: 'localize','ZOMBIE_PERK_GENERIC'
Redundant asset: 'localize','ZOMBIE_POWER_UP_TPAD'
Redundant asset: 'localize','ZOMBIE_TELEPORT_TO_CORE'
Redundant asset: 'localize','ZOMBIE_LINK_TPAD'
Redundant asset: 'localize','ZOMBIE_LINK_ACTIVE'
Redundant asset: 'localize','ZOMBIE_INACTIVE_TPAD'
Redundant asset: 'localize','ZOMBIE_START_TPAD'
Redundant asset: 'localize','ZOMBIE_TELEPORT_COOLDOWN'
Redundant asset: 'localize','ZOMBIE_TRAP_DOOR'
Redundant asset: 'localize','ZOMBIE_PROJ_DOOR'
Redundant asset: 'localize','ZOMBIE_PROJ_LIFT'
Redundant asset: 'localize','ZOMBIE_PAY_TURRET'
Redundant asset: 'localize','ZOMBIE_AUTO_TURRET'
Redundant asset: 'localize','ZOMBIE_BUILD_BRIDGE'
Redundant asset: 'localize','ZOMBIE_GET_UPGRADED'
Redundant asset: 'localize','ZOMBIE_USE_TELEPORTER'
Redundant asset: 'localize','ZOMBIE_ACTIVATE_TELEPORTER'
Redundant asset: 'localize','ZOMBIE_COAST_ZIPLINE'
Redundant asset: 'localize','ZOMBIE_COAST_ZIPLINE_WAIT'
Redundant asset: 'localize','ZOMBIE_COAST_ZIPLINE_ACTIVATE'
Redundant asset: 'localize','ZOMBIE_FIRE_SALE_COST'
Redundant asset: 'localize','ZOMBIE_WEAPON_P90'
Redundant asset: 'localize','ZOMBIE_WEAPON_AK74U'
Redundant asset: 'localize','ZOMBIE_WEAPON_SKORPION'
Redundant asset: 'localize','ZOMBIE_WEAPON_UZI'
Redundant asset: 'localize','ZOMBIE_WEAPON_M14'
Redundant asset: 'localize','ZOMBIE_WEAPON_M16'
Redundant asset: 'localize','ZOMBIE_WEAPON_DRAGUNOV'
Redundant asset: 'localize','ZOMBIE_WEAPON_RPK'
Redundant asset: 'localize','ZOMBIE_WEAPON_STONER63'
Redundant asset: 'localize','ZOMBIE_WEAPON_AK47_MK'
Redundant asset: 'localize','ZOMBIE_WEAPON_M16_GL'
Redundant asset: 'localize','ZOMBIE_AIRSTRIKE_NOT_AVAILABLE'
Redundant asset: 'localize','ZOMBIE_WEAPON_BOX_STORE'
Redundant asset: 'localize','ZOMBIE_WEAPON_THUNDERGUN'
Redundant asset: 'localize','ZOMBIE_PERK_STOPPINGPOWER'
Redundant asset: 'localize','ZOMBIE_PERK_BANDOLIER'
Redundant asset: 'localize','ZOMBIE_DOOR_ACTIVATE_COUNTER'
Redundant asset: 'localize','ZOMBIE_WEAPON_M1911'
Redundant asset: 'localize','ZOMBIE_WEAPON_PYTHON'
Redundant asset: 'localize','ZOMBIE_WEAPON_KIPARIS'
Redundant asset: 'localize','ZOMBIE_WEAPON_MAC11'
Redundant asset: 'localize','ZOMBIE_WEAPON_AUG'
Redundant asset: 'localize','ZOMBIE_WEAPON_G11'
Redundant asset: 'localize','ZOMBIE_WEAPON_M60'
Redundant asset: 'localize','ZOMBIE_WEAPON_MINIGUN'
Redundant asset: 'localize','ZOMBIE_WEAPON_MP5K'
Redundant asset: 'localize','ZOMBIE_WEAPON_MP40'
Redundant asset: 'localize','ZOMBIE_WEAPON_MPL'
Redundant asset: 'localize','ZOMBIE_WEAPON_PM63'
Redundant asset: 'localize','ZOMBIE_WEAPON_ENFIELD'
Redundant asset: 'localize','ZOMBIE_WEAPON_ROTTWEIL72'
Redundant asset: 'localize','ZOMBIE_WEAPON_ITHACA'
Redundant asset: 'localize','ZOMBIE_WEAPON_SPAS'
Redundant asset: 'localize','ZOMBIE_WEAPON_WA2000'
Redundant asset: 'localize','ZOMBIE_POWERCELL_PICKUP'
Redundant asset: 'localize','ZOMBIE_POWERCELL_DROPOFF'
Redundant asset: 'localize','ZOMBIE_WEAPON_SABERTOOTH'
Redundant asset: 'localize','ZOMBIE_WEAPON_RAYGUN'
Redundant asset: 'localize','ZOMBIE_WEAPON_FRAG_GRENADE'
Redundant asset: 'localize','ZOMBIE_WEAPON_CLAYMORE'
Redundant asset: 'localize','ZOMBIE_WEAPON_M202_FLASH'
Redundant asset: 'localize','ZOMBIE_EARNED_RADAR'
Redundant asset: 'localize','ZOMBIE_EARNED_ARTILLERY'
Redundant asset: 'localize','ZOMBIE_EARNED_AIRSTRIKE'
Redundant asset: 'localize','ZOMBIE_EARNED_NAPALM'
Redundant asset: 'localize','ZOMBIE_EARNED_DOGS'
Redundant asset: 'localize','ZOMBIE_EARNED_HELICOPTER'
Redundant asset: 'localize','ZOMBIE_EARNED_HELICOPTER_X2'
Redundant asset: 'localize','ZOMBIE_EARNED_HELICOPTER_COMLINK'
Redundant asset: 'localize','ZOMBIE_RADAR_NOT_AVAILABLE'
Redundant asset: 'localize','ZOMBIE_ARTILLERY_NOT_AVAILABLE'
Redundant asset: 'localize','ZOMBIE_NAPALM_NOT_AVAILABLE'
Redundant asset: 'localize','ZOMBIE_DOGS_NOT_AVAILABLE'
Redundant asset: 'localize','ZOMBIE_HELICOPTER_NOT_AVAILABLE'
Redundant asset: 'localize','ZOMBIE_HELICOPTER_X2_NOT_AVAILABLE'
Redundant asset: 'localize','ZOMBIE_HELICOPTER_COMLINK_NOT_AVAILABLE'
Redundant asset: 'localize','ZOMBIE_AIRSTRIKE_INBOUND_NEAR_YOUR_POSITION'
Redundant asset: 'localize','ZOMBIE_NAPALM_INBOUND_NEAR_YOUR_POSITION'
Redundant asset: 'localize','ZOMBIE_ARTILLERY_INBOUND_NEAR_YOUR_POSITION'
Redundant asset: 'localize','ZOMBIE_HELICOPTER_X2_INBOUND'
Redundant asset: 'localize','ZOMBIE_HELICOPTER_COMLINK_INBOUND'
Redundant asset: 'localize','ZOMBIE_HELICOPTER_INBOUND'
Redundant asset: 'localize','ZOMBIE_BARRACKS'
Redundant asset: 'localize','ZOMBIE_CHALLENGES'
Redundant asset: 'localize','ZOMBIE_PLAYER_ABILITIES'
Redundant asset: 'localize','ZOMBIE_MUTATORS'
Redundant asset: 'localize','ZOMBIE_LEADERBOARDS'
Redundant asset: 'localize','ZOMBIE_AWARDS_AND_TITLES'
Redundant asset: 'localize','ZOMBIE_CHALLENGES_DONE'
Redundant asset: 'localize','ZOMBIE_XP_REWARD'
Redundant asset: 'localize','ZOMBIE_BACK'
Redundant asset: 'localize','ZOMBIE_MAIN_MENU'
Redundant asset: 'localize','ZOMBIE_SOLO'
Redundant asset: 'localize','ZOMBIE_COOP'
Redundant asset: 'localize','ZOMBIE_VERSUS'
Redundant asset: 'localize','ZOMBIE_OPTIONS'
Redundant asset: 'localize','ZOMBIE_CREDITS'
Redundant asset: 'localize','ZOMBIE_MISSION_SELECT'
Redundant asset: 'localize','ZOMBIE_XP'
Redundant asset: 'localize','ZOMBIE_REWARD'
Redundant asset: 'localize','ZOMBIE_ROUND_AIRSTRIKE'
Redundant asset: 'localize','ZOMBIE_ROUND_TURRET'
Redundant asset: 'localize','ZOMBIE_ROUND_PORTAL'
Redundant asset: 'localize','ZOMBIE_ROUND_NAPALM'
Redundant asset: 'localize','ZOMBIE_ROUND_ARTILLERY'
Redundant asset: 'localize','ZOMBIE_ROUND_DOGS'
Redundant asset: 'localize','ZOMBIE_ROUND_HELICOPTER'
Redundant asset: 'localize','ZOMBIE_ROUND_RCBOMB'
Redundant asset: 'localize','ZOMBIE_ROUND_TIMEDISTORTION'
Redundant asset: 'localize','ZOMBIE_ROUND_CLOAK'
Redundant asset: 'localize','ZOMBIE_ROUND_ENDURANCE'
Redundant asset: 'localize','ZOMBIE_ABILITY_AIRSTRIKE'
Redundant asset: 'localize','ZOMBIE_ABILITY_TURRET'
Redundant asset: 'localize','ZOMBIE_ABILITY_PORTAL'
Redundant asset: 'localize','ZOMBIE_ABILITY_NAPALM'
Redundant asset: 'localize','ZOMBIE_ABILITY_ARTILLERY'
Redundant asset: 'localize','ZOMBIE_ABILITY_DOGS'
Redundant asset: 'localize','ZOMBIE_ABILITY_HELICOPTER'
Redundant asset: 'localize','ZOMBIE_ABILITY_RCBOMB'
Redundant asset: 'localize','ZOMBIE_ABILITY_TIMEDISTORTION'
Redundant asset: 'localize','ZOMBIE_ABILITY_CLOAK'
Redundant asset: 'localize','ZOMBIE_ABILITY_ENDURANCE'
Redundant asset: 'localize','ZOMBIE_COOLDOWN_WAIT'
Redundant asset: 'localize','ZOMBIE_APE_ENTRY'
Redundant asset: 'localize','ZOMBIE_TRAP_ACTIVE'
Redundant asset: 'localize','ZOMBIE_TRAP_COOLDOWN'
Redundant asset: 'localize','ZOMBIE_EARNED_TURRET'
Redundant asset: 'localize','ZOMBIE_EARNED_PORTAL'
Redundant asset: 'localize','ZOMBIE_HAS_ABILITY'
Redundant asset: 'localize','ZOMBIE_ABILITY_ARTILLERY_USED'
Redundant asset: 'localize','ZOMBIE_ABILITY_AIRSTRIKE_USED'
Redundant asset: 'localize','ZOMBIE_ABILITY_NAPALM_USED'
Redundant asset: 'localize','ZOMBIE_ABILITY_DOGS_USED'
Redundant asset: 'localize','ZOMBIE_ABILITY_RCCAR_USED'
Redundant asset: 'localize','ZOMBIE_ABILITY_CLOAK_USED'
Redundant asset: 'localize','ZOMBIE_ABILITY_ENDURANCE_USED'
Redundant asset: 'localize','ZOMBIE_ABILITY_HELI_USED'
Redundant asset: 'localize','ZOMBIE_ABILITY_TURRET_USED'
Redundant asset: 'localize','ZOMBIE_ABILITY_PORTAL_USED'
Redundant asset: 'localize','ZOMBIE_EARNED_RCBOMB'
Redundant asset: 'localize','ZOMBIE_EARNED_CLOAK'
Redundant asset: 'localize','ZOMBIE_EARNED_ENDURANCE'
Redundant asset: 'localize','ZOMBIE_PORTAL_NOT_AVAILABLE'
Redundant asset: 'localize','ZOMBIE_TURRET_NOT_AVAILABLE'
Redundant asset: 'localize','ZOMBIE_ENDURANCE_NOT_AVAILABLE'
Redundant asset: 'localize','ZOMBIE_CLOAK_NOT_AVAILABLE'
Redundant asset: 'localize','ZOMBIE_RCBOMB_NOT_AVAILABLE'
Redundant asset: 'localize','ZOMBIE_WEAPON_GALIL'
Redundant asset: 'localize','ZOMBIE_WEAPON_COMMANDO'
Redundant asset: 'localize','ZOMBIE_WEAPON_FNFAL'
Redundant asset: 'localize','ZOMBIE_WEAPON_FAMAS'
Redundant asset: 'localize','ZOMBIE_WEAPON_HK21'
Redundant asset: 'localize','ZOMBIE_WEAPON_SPECTRE'
Redundant asset: 'localize','ZOMBIE_WEAPON_CZ75DW'
Redundant asset: 'localize','ZOMBIE_WEAPON_M72_LAW'
Redundant asset: 'localize','ZOMBIE_WEAPON_CHINA_LAKE'
Redundant asset: 'localize','ZOMBIE_WEAPON_L96A1'
Redundant asset: 'localize','ZOMBIE_WEAPON_CROSSBOW_EXPLOSIVE'
Redundant asset: 'localize','ZOMBIE_WEAPON_HS10'
Redundant asset: 'localize','ZOMBIE_REVIVING_SOLO'
Redundant asset: 'localize','ZOMBIE_PYTHON_UPGRADED'
Redundant asset: 'localize','ZOMBIE_M1911_UPGRADED'
Redundant asset: 'localize','ZOMBIE_M14_UPGRADED'
Redundant asset: 'localize','ZOMBIE_M16_UPGRADED'
Redundant asset: 'localize','ZOMBIE_G11_UPGRADED'
Redundant asset: 'localize','ZOMBIE_FAMAS_UPGRADED'
Redundant asset: 'localize','ZOMBIE_AK74U_UPGRADED'
Redundant asset: 'localize','ZOMBIE_MP5K_UPGRADED'
Redundant asset: 'localize','ZOMBIE_MP40_UPGRADED'
Redundant asset: 'localize','ZOMBIE_MPL_UPGRADED'
Redundant asset: 'localize','ZOMBIE_PM63_UPGRADED'
Redundant asset: 'localize','ZOMBIE_MAC11_UPGRADED'
Redundant asset: 'localize','ZOMBIE_SPECTRE_UPGRADED'
Redundant asset: 'localize','ZOMBIE_CZ75_UPGRADED'
Redundant asset: 'localize','ZOMBIE_CZ75_DW_UPGRADED'
Redundant asset: 'localize','ZOMBIE_ITHACA_UPGRADED'
Redundant asset: 'localize','ZOMBIE_ROTTWEIL72_UPGRADED'
Redundant asset: 'localize','ZOMBIE_SPAS_UPGRADED'
Redundant asset: 'localize','ZOMBIE_HS10_UPGRADED'
Redundant asset: 'localize','ZOMBIE_ENFIELD_UPGRADED'
Redundant asset: 'localize','ZOMBIE_AUG_UPGRADED'
Redundant asset: 'localize','ZOMBIE_AUG_GL_UPGRADED'
Redundant asset: 'localize','ZOMBIE_GALIL_UPGRADED'
Redundant asset: 'localize','ZOMBIE_COMMANDO_UPGRADED'
Redundant asset: 'localize','ZOMBIE_FNFAL_UPGRADED'
Redundant asset: 'localize','ZOMBIE_DRAGUNOV_UPGRADED'
Redundant asset: 'localize','ZOMBIE_L96A1_UPGRADED'
Redundant asset: 'localize','ZOMBIE_RPK_UPGRADED'
Redundant asset: 'localize','ZOMBIE_HK21_UPGRADED'
Redundant asset: 'localize','ZOMBIE_M202_FLASH_UPGRADED'
Redundant asset: 'localize','ZOMBIE_M72_LAW_UPGRADED'
Redundant asset: 'localize','ZOMBIE_CHINA_LAKE_UPGRADED'
Redundant asset: 'localize','ZOMBIE_RAY_GUN_UPGRADED'
Redundant asset: 'localize','ZOMBIE_TESLA_GUN'
Redundant asset: 'localize','ZOMBIE_TESLA_GUN_UPGRADED'
Redundant asset: 'localize','ZOMBIE_THUNDERGUN_UPGRADED'
Redundant asset: 'localize','ZOMBIE_FREEZEGUN'
Redundant asset: 'localize','ZOMBIE_FREEZEGUN_UPGRADED'
Redundant asset: 'localize','ZOMBIE_CROSSBOW_UPGRADED'
Redundant asset: 'localize','ZOMBIE_CROSSBOW_EXPLOSIVE_UPGRADED'
Redundant asset: 'localize','ZOMBIE_KNIFE_BALLISTIC_UPGRADED'
Redundant asset: 'localize','ZOMBIE_G11_LPS_UPGRADED'
Redundant asset: 'localize','ZOMBIE_SURVIVED_NONE'
Redundant asset: 'image','popups_alpha'
Redundant asset: 'material','water_dynamic_spray'
Redundant asset: 'material','gfx_fxt_fx_distortion_ring_light'
Redundant asset: 'material','gfx_fxt_light_flare_phosphorous'
Redundant asset: 'material','mc/mtl_zombie_perk_bottle_dbltap'
Redundant asset: 'material','mc/mtl_zombie_perk_bottle_jugg'
Redundant asset: 'material','mc/mtl_zombie_perk_bottle_revive'
Redundant asset: 'material','mc/mtl_zombie_perk_bottle_sleight'
Redundant asset: 'material','gfx_fxt_smk_gen_add'
Redundant asset: 'material','gfx_fxt_fx_distortion_ring_heavy'
Redundant asset: 'techset','mc_l_sm_r0c0s0sc0x0'
Redundant asset: 'material','mc/mtl_x2icon_gold'
Adding fastfile 'zombie_theater_patch' to queue
Adding fastfile 'en_zombie_theater' to queue
Adding fastfile 'zombie_theater' to queue
Adding fastfile 'zombie_theater_patch_override' to queue
Loading fastfile 'zombie_theater_patch'
used 0.74 MB memory in DB alloc
      dvar set nextmap map_restart
      dvar set gpad_present 1
Loading fastfile 'en_zombie_theater'
used 1.61 MB memory in DB alloc
Loading fastfile 'zombie_theater'
used 103.04 MB memory in DB alloc
Waited 3196 msec for asset 'maps/zombie_theater.d3dbsp' of type 'col_map_mp'.
      dvar set player_damageMultiplier 1
      dvar set player_damageMultiplier 0.363636
----------------------
Game: G_SetupWeaponDef
[Idx 0001] Setting up weapon defaultweapon...
----------------------
[Idx 0002] Setting up weapon zombie_bullet_crouch...
codescripts/delete
codescripts/struct
maps/_callbacksetup
+maps/_utility
++common_scripts/utility
++maps/_utility_code
+++maps/_hud_util
++++animscripts/utility
+++++animscripts/setposemovement
++++++animscripts/anims
+++++++animscripts/shared
++++++++animscripts/combat_utility
+++++++++animscripts/debug
+++++++++maps/_gameskill
++++++++++animscripts/weaponlist
++++++++++maps/_zombiemode_perks
+++++++++++maps/_zombiemode_utility
++++++++++++maps/_zombiemode_server_throttle
++++++++++++maps/_laststand
++++++++++++maps/_zombiemode_weapons
+++++++++++++maps/_zombiemode_audio
++++++++++++++maps/_music
++++++++++++++maps/_busing
++++++++++++++maps/_zombiemode_spawner
+++++++++++++++maps/_zombiemode_net
+++++++++++++++maps/_zombiemode
++++++++++++++++maps/_anim
+++++++++++++++++animscripts/face
++++++++++++++++maps/zhc_utility
+++++++++++++++++maps/zhc_zombiemode_zhc
Error: 
******* Server script compile error *******
Error: uninitialised variable 'dest_room': (file 'maps/zhc_zombiemode_zhc.gsc', line 653)
 dest_room = get_array_spots("teleport_room_", dest_room);
                                               *

====================================================
Com_ERROR:  Server script compile error
uninitialised variable 'dest_room'
maps/zhc_zombiemode_zhc.gsc(652):
  dest_room = get_array_spots("teleport_room_", dest_room);
(see console for details)

====================================================

      dvar set ui_menuLvlNotify 0
WARNING: Could not find zone 'C:\Steam\steamapps\common\Call of Duty Black Ops\zone\english\zombie_theater_patch_override.ff'
      dvar set com_errorTitle Error
      dvar set com_errorMessage  Server script compile error
uninitialised variable 'dest_room'
maps/zhc_zombiemode_zhc.gsc(652):
  dest_room = get_array_spots("teleport_room_", dest_room);
(see console for details)

********************
ERROR:  Server script compile error
uninitialised variable 'dest_room'
maps/zhc_zombiemode_zhc.gsc(652):
  dest_room = get_array_spots("teleport_room_", dest_room);
(see console for details)

********************
----- Server Shutdown -----
Redundant asset: 'weapon','python_zm'
Redundant asset: 'weapon','python_upgraded_zm'
Redundant asset: 'weapon','cz75dw_zm'
Redundant asset: 'weapon','cz75dw_upgraded_zm'
Redundant asset: 'weapon','cz75lh_zm'
Redundant asset: 'weapon','cz75lh_upgraded_zm'
Redundant asset: 'techset','mc_l_sm_t0c0n0s0'
Redundant asset: 'image','global_normal_flat_16x16'
Redundant asset: 'image','~$white-rgb&~-rzombie_perkbot~0c271a5c'
Redundant asset: 'image','zombie_perkbottle_jugg_out_n'
Redundant asset: 'image','~~-gzombie_perkbottle_jugg_ou~0ecb6869'
Redundant asset: 'techset','mc_l_sm_t0c0n0s0x0'
Redundant asset: 'techset','mc_unlitdecalblend_add'
Redundant asset: 'techset','wc_l_sm_t0c0n0s0x0'
Redundant asset: 'material','wc/glo_dec_blood_splat_drips_medium02'
Redundant asset: 'techset','mc_l_sm_t0c0n0s0sc0x0_clrdtl_hero'
Redundant asset: 'techset','mc_l_sm_r0c0n0s0sc0x0_sls_clrdtl_hero'
Redundant asset: 'xmodel','t5_weapon_thundergun_viewmodel'
Redundant asset: 'xmodel','viewmodel_base_viewhands'
Redundant asset: 'fx','weapon/muzzleflashes/fx_thundergun_view'
Redundant asset: 'fx','weapon/muzzleflashes/fx_thundergun_world'
Redundant asset: 'xmodel','t5_weapon_thundergun_world'
Redundant asset: 'xanim','viewmodel_thundergun_idle'
Redundant asset: 'xanim','viewmodel_thundergun_empty_idle'
Redundant asset: 'xanim','viewmodel_thundergun_fire'
Redundant asset: 'xanim','viewmodel_thundergun_last_fire'
Redundant asset: 'xanim','viewmodel_thundergun_reload_empty'
Redundant asset: 'xanim','viewmodel_thundergun_pullout'
Redundant asset: 'xanim','viewmodel_thundergun_putaway'
Redundant asset: 'xanim','viewmodel_thundergun_pullout_quick'
Redundant asset: 'xanim','viewmodel_thundergun_putaway_quick'
Redundant asset: 'xanim','viewmodel_thundergun_pullout_empty'
Redundant asset: 'xanim','viewmodel_thundergun_putaway_empty'
Redundant asset: 'xanim','viewmodel_thundergun_sprint_intro'
Redundant asset: 'xanim','viewmodel_thundergun_sprint_loop'
Redundant asset: 'xanim','viewmodel_thundergun_sprint_outro'
Redundant asset: 'xanim','viewmodel_thundergun_sprint_empty_intro'
Redundant asset: 'xanim','viewmodel_thundergun_sprint_empty_loop'
Redundant asset: 'xanim','viewmodel_thundergun_sprint_empty_outro'
Redundant asset: 'xanim','viewmodel_thundergun_d2p_in'
Redundant asset: 'xanim','viewmodel_thundergun_d2p_loop'
Redundant asset: 'xanim','viewmodel_thundergun_d2p_out'
Redundant asset: 'xanim','viewmodel_thundergun_empty_d2p_in'
Redundant asset: 'xanim','viewmodel_thundergun_empty_d2p_loop'
Redundant asset: 'xanim','viewmodel_thundergun_empty_d2p_out'
Redundant asset: 'xanim','viewmodel_thundergun_ads_up'
Redundant asset: 'xanim','viewmodel_thundergun_ads_down'
Redundant asset: 'material','hud_flamethrower_reticle'
Redundant asset: 'material','hud_thundergun'
Redundant asset: 'fx','weapon/muzzleflashes/fx_thundergun_view_ug'
Redundant asset: 'fx','weapon/muzzleflashes/fx_thundergun_world_ug'
Redundant asset: 'rawfile','animscripts/traverse/zombie_jump_down_40.gsc'
Redundant asset: 'rawfile','animscripts/traverse/zombie_jump_down_72.gsc'
Redundant asset: 'rawfile','animscripts/traverse/zombie_jump_down_127.gsc'
Redundant asset: 'rawfile','animscripts/traverse/zombie_jump_down_190.gsc'
Redundant asset: 'rawfile','animscripts/traverse/zombie_jump_down_240.gsc'
Redundant asset: 'rawfile','animscripts/traverse/zombie_wall_crawl_drop.gsc'
[Idx 0001] Setting up weapon defaultweapon...
[Idx 0002] Setting up weapon zombie_bullet_crouch...
ShutdownGame:
------------------------------------------------------------
      dvar set sv_running 0
---------------------------
PMem_Free( PerLocalClient, Low )
PMem_Free( PerLocalClient, High )
      dvar set com_maxclients 4
----- R_Init -----
Video memory for device: 128 MB.
Rounded video memory size: 128 MB.
DirectX reports 128 MB of video memory and 4000 MB of available texture memory.
Using video memory size to cap used texture memory at 112 MB.
Texture detail is set automatically.
Using picmip 1 on most textures, 1 on normal maps, and 1 on specular maps
Cmd_AddCommand: setClanName already defined
Cmd_AddCommand: checkClanName already defined
Cmd_AddCommand: loadMaps already defined
Cmd_AddCommand: refresh_filter already defined
FS_GetModList: failed to open 'mod.json' or 'description.txt' for mod 'apartment'
FS_GetModList: failed to open 'mod.json' or 'description.txt' for mod 'Büros Der Toten'
FS_GetModList: failed to open 'mod.json' or 'description.txt' for mod 'cod_zombies_modding'
FS_GetModList: failed to open 'mod.json' or 'description.txt' for mod 'cod_zombies_modding_backup'
FS_GetModList: failed to open 'mod.json' or 'description.txt' for mod 'common_zombie_patch_tut'
FS_GetModList: failed to open 'mod.json' or 'description.txt' for mod 'LongerGasMod'
FS_GetModList: failed to open 'mod.json' or 'description.txt' for mod 'mp_HnS'
FS_GetModList: failed to open 'mod.json' or 'description.txt' for mod 'mp_Juggernaut'
FS_GetModList: failed to open 'mod.json' or 'description.txt' for mod 'usermaps'
Customized arena file not fo